<?xml version="1.0" encoding="UTF-8"?>
<testng-results ignored="0" total="3" passed="3" failed="0" skipped="0">
  <reporter-output>
  </reporter-output>
  <suite started-at="2023-12-29T12:15:47 IST" name="Default Suite" finished-at="2023-12-29T12:15:54 IST" duration-ms="7382">
    <groups>
    </groups>
    <test started-at="2023-12-29T12:15:47 IST" name="RESTAssuredProject1" finished-at="2023-12-29T12:15:54 IST" duration-ms="7382">
      <class name="APITest">
        <test-method signature="test1()[pri:0, instance:APITest@70b0b186]" started-at="2023-12-29T12:15:47 IST" name="test1" finished-at="2023-12-29T12:15:50 IST" duration-ms="3723" status="PASS">
          <reporter-output>
          </reporter-output>
        </test-method> <!-- test1 -->
        <test-method signature="test2()[pri:0, instance:APITest@70b0b186]" started-at="2023-12-29T12:15:50 IST" name="test2" finished-at="2023-12-29T12:15:51 IST" duration-ms="798" status="PASS">
          <reporter-output>
          </reporter-output>
        </test-method> <!-- test2 -->
        <test-method signature="test3()[pri:0, instance:APITest@70b0b186]" started-at="2023-12-29T12:15:51 IST" name="test3" finished-at="2023-12-29T12:15:54 IST" duration-ms="2728" status="PASS">
          <reporter-output>
          </reporter-output>
        </test-method> <!-- test3 -->
      </class> <!-- APITest -->
    </test> <!-- RESTAssuredProject1 -->
  </suite> <!-- Default Suite -->
</testng-results>
